#
# There is insufficient memory for the Java Runtime Environment to continue.
# Native memory allocation (mmap) failed to map 266338304 bytes for Failed to commit area from 0x0000000702400000 to 0x0000000712200000 of length 266338304.
# Possible reasons:
#   The system is out of physical RAM or swap space
#   The process is running with CompressedOops enabled, and the Java Heap may be blocking the growth of the native heap
# Possible solutions:
#   Reduce memory load on the system
#   Increase physical memory or swap space
#   Check if swap backing store is full
#   Decrease Java heap size (-Xmx/-Xms)
#   Decrease number of Java threads
#   Decrease Java thread stack sizes (-Xss)
#   Set larger code cache with -XX:ReservedCodeCacheSize=
# This output file may be truncated or incomplete.
#
#  Out of Memory Error (./src/hotspot/os/windows/os_windows.cpp:3387), pid=21808, tid=22980
#
# JRE version:  (11.0.14.1+1) (build )
# Java VM: OpenJDK 64-Bit Server VM (11.0.14.1+1, mixed mode, sharing, tiered, compressed oops, g1 gc, windows-amd64)
# No core dump will be written. Minidumps are not enabled by default on client versions of Windows
#

---------------  S U M M A R Y ------------

Command Line: -Dfile.encoding=UTF-8 org.gradle.launcher.GradleMain -Dorg.gradle.jvmargs=-Xmx4096m --stop

Host: Intel(R) Core(TM) i5-8265U CPU @ 1.60GHz, 8 cores, 15G,  Windows 10 , 64 bit Build 19041 (10.0.19041.3570)
Time: Wed Nov  8 14:14:04 2023 Taipei Standard Time elapsed time: 0.012335 seconds (0d 0h 0m 0s)

---------------  T H R E A D  ---------------

Current thread (0x0000023f8b254000):  JavaThread "Unknown thread" [_thread_in_vm, id=22980, stack(0x000000f03ac00000,0x000000f03ad00000)]

Stack: [0x000000f03ac00000,0x000000f03ad00000]
Native frames: (J=compiled Java code, j=interpreted, Vv=VM code, C=native code)
V  [jvm.dll+0x61e59a]
V  [jvm.dll+0x7aaca9]
V  [jvm.dll+0x7ac398]
V  [jvm.dll+0x7aca73]
V  [jvm.dll+0x24f9b8]
V  [jvm.dll+0x61b83a]
V  [jvm.dll+0x6100c5]
V  [jvm.dll+0x30772c]
V  [jvm.dll+0x3075b2]
V  [jvm.dll+0x30c2d6]
V  [jvm.dll+0x35272f]
V  [jvm.dll+0x352160]
V  [jvm.dll+0x2e4728]
V  [jvm.dll+0x2e5886]
V  [jvm.dll+0x784b07]
V  [jvm.dll+0x78628f]
V  [jvm.dll+0x35f479]
V  [jvm.dll+0x767aa0]
V  [jvm.dll+0x3ccf1f]
V  [jvm.dll+0x3cf2b1]
C  [jli.dll+0x5207]
C  [ucrtbase.dll+0x21bb2]
C  [KERNEL32.DLL+0x17344]
C  [ntdll.dll+0x526b1]


---------------  P R O C E S S  ---------------

Threads class SMR info:
_java_thread_list=0x0000023f8afe8440, length=0, elements={
}

Java Threads: ( => current thread )

Other Threads:
  0x0000023f8b26e000 GCTaskThread "GC Thread#0" [stack: 0x000000f03ad00000,0x000000f03ae00000] [id=22644]
  0x0000023f8b2cd000 ConcurrentGCThread "G1 Main Marker" [stack: 0x000000f03ae00000,0x000000f03af00000] [id=11100]
  0x0000023f8b2cf800 ConcurrentGCThread "G1 Conc#0" [stack: 0x000000f03af00000,0x000000f03b000000] [id=12668]

[error occurred during error reporting (printing all threads), id 0xc0000005, EXCEPTION_ACCESS_VIOLATION (0xc0000005) at pc=0x00007ffef1783ef7]

VM state:not at safepoint (not fully initialized)

VM Mutex/Monitor currently owned by a thread:  ([mutex/lock_event])
[0x0000023f8b2505d0] Heap_lock - owner thread: 0x0000023f8b254000

Heap address: 0x0000000702400000, size: 4060 MB, Compressed Oops mode: Non-zero based: 0x0000000702400000
Narrow klass base: 0x0000000000000000, Narrow klass shift: 0

GC Heap History (0 events):
No events

Deoptimization events (0 events):
No events

Classes redefined (0 events):
No events

Internal exceptions (0 events):
No events

Events (1 events):
Event: 0.007 Loaded shared library C:\Program Files\Unity\Hub\Editor\2022.3.10f1\Editor\Data\PlaybackEngines\AndroidPlayer\OpenJDK\bin\zip.dll


Dynamic libraries:
0x00007ff7068e0000 - 0x00007ff7068ed000 	C:\Program Files\Unity\Hub\Editor\2022.3.10f1\Editor\Data\PlaybackEngines\AndroidPlayer\OpenJDK\bin\java.exe
0x00007fff1fab0000 - 0x00007fff1fca7000 	C:\WINDOWS\SYSTEM32\ntdll.dll
0x00007fff1dc50000 - 0x00007fff1dd0d000 	C:\WINDOWS\System32\KERNEL32.DLL
0x00007fff1d810000 - 0x00007fff1db06000 	C:\WINDOWS\System32\KERNELBASE.dll
0x00007fff1d630000 - 0x00007fff1d730000 	C:\WINDOWS\System32\ucrtbase.dll
0x00007fff12240000 - 0x00007fff12257000 	C:\Program Files\Unity\Hub\Editor\2022.3.10f1\Editor\Data\PlaybackEngines\AndroidPlayer\OpenJDK\bin\jli.dll
0x00007fff17e80000 - 0x00007fff17e95000 	C:\Program Files\Unity\Hub\Editor\2022.3.10f1\Editor\Data\PlaybackEngines\AndroidPlayer\OpenJDK\bin\VCRUNTIME140.dll
0x00007fff1e4f0000 - 0x00007fff1e68e000 	C:\WINDOWS\System32\USER32.dll
0x00007fff08110000 - 0x00007fff083aa000 	C:\WINDOWS\WinSxS\amd64_microsoft.windows.common-controls_6595b64144ccf1df_6.0.19041.3570_none_60bb2a3971f3e41a\COMCTL32.dll
0x00007fff1d600000 - 0x00007fff1d622000 	C:\WINDOWS\System32\win32u.dll
0x00007fff1f570000 - 0x00007fff1f59c000 	C:\WINDOWS\System32\GDI32.dll
0x00007fff1f300000 - 0x00007fff1f39e000 	C:\WINDOWS\System32\msvcrt.dll
0x00007fff1d3d0000 - 0x00007fff1d4ea000 	C:\WINDOWS\System32\gdi32full.dll
0x00007fff1d4f0000 - 0x00007fff1d58d000 	C:\WINDOWS\System32\msvcp_win.dll
0x00007fff1ede0000 - 0x00007fff1ee10000 	C:\WINDOWS\System32\IMM32.DLL
0x00007ffef3a90000 - 0x00007ffef3b2b000 	C:\Program Files\Unity\Hub\Editor\2022.3.10f1\Editor\Data\PlaybackEngines\AndroidPlayer\OpenJDK\bin\msvcp140.dll
0x00007ffef1490000 - 0x00007ffef2011000 	C:\Program Files\Unity\Hub\Editor\2022.3.10f1\Editor\Data\PlaybackEngines\AndroidPlayer\OpenJDK\bin\server\jvm.dll
0x00007fff1f3a0000 - 0x00007fff1f44e000 	C:\WINDOWS\System32\ADVAPI32.dll
0x00007fff1eef0000 - 0x00007fff1ef8c000 	C:\WINDOWS\System32\sechost.dll
0x00007fff1e7a0000 - 0x00007fff1e8c6000 	C:\WINDOWS\System32\RPCRT4.dll
0x00007fff1f2f0000 - 0x00007fff1f2f8000 	C:\WINDOWS\System32\PSAPI.DLL
0x00007fff02d60000 - 0x00007fff02d69000 	C:\WINDOWS\SYSTEM32\WSOCK32.dll
0x00007fff09530000 - 0x00007fff09557000 	C:\WINDOWS\SYSTEM32\WINMM.dll
0x00007fff15000000 - 0x00007fff1500a000 	C:\WINDOWS\SYSTEM32\VERSION.dll
0x00007fff1ec30000 - 0x00007fff1ec9b000 	C:\WINDOWS\System32\WS2_32.dll
0x00007fff1aff0000 - 0x00007fff1b002000 	C:\WINDOWS\SYSTEM32\kernel.appcore.dll
0x00007fff18b40000 - 0x00007fff18b50000 	C:\Program Files\Unity\Hub\Editor\2022.3.10f1\Editor\Data\PlaybackEngines\AndroidPlayer\OpenJDK\bin\verify.dll
0x00007fff0a290000 - 0x00007fff0a474000 	C:\WINDOWS\SYSTEM32\DBGHELP.DLL
0x00007fff01d90000 - 0x00007fff01dc4000 	C:\WINDOWS\SYSTEM32\dbgcore.DLL
0x00007fff1d1e0000 - 0x00007fff1d262000 	C:\WINDOWS\System32\bcryptPrimitives.dll
0x00007ffef3a60000 - 0x00007ffef3a88000 	C:\Program Files\Unity\Hub\Editor\2022.3.10f1\Editor\Data\PlaybackEngines\AndroidPlayer\OpenJDK\bin\java.dll
0x00007fff12230000 - 0x00007fff1223a000 	C:\Program Files\Unity\Hub\Editor\2022.3.10f1\Editor\Data\PlaybackEngines\AndroidPlayer\OpenJDK\bin\jimage.dll
0x00007fff12090000 - 0x00007fff120a8000 	C:\Program Files\Unity\Hub\Editor\2022.3.10f1\Editor\Data\PlaybackEngines\AndroidPlayer\OpenJDK\bin\zip.dll

dbghelp: loaded successfully - version: 4.0.5 - missing functions: none
symbol engine: initialized successfully - sym options: 0x614 - pdb path: .;C:\Program Files\Unity\Hub\Editor\2022.3.10f1\Editor\Data\PlaybackEngines\AndroidPlayer\OpenJDK\bin;C:\WINDOWS\SYSTEM32;C:\WINDOWS\WinSxS\amd64_microsoft.windows.common-controls_6595b64144ccf1df_6.0.19041.3570_none_60bb2a3971f3e41a;C:\Program Files\Unity\Hub\Editor\2022.3.10f1\Editor\Data\PlaybackEngines\AndroidPlayer\OpenJDK\bin\server

VM Arguments:
jvm_args: -Dfile.encoding=UTF-8 
java_command: org.gradle.launcher.GradleMain -Dorg.gradle.jvmargs=-Xmx4096m --stop
java_class_path (initial): C:\Program Files\Unity\Hub\Editor\2022.3.10f1\Editor\Data\PlaybackEngines\AndroidPlayer\Tools\gradle\lib\gradle-launcher-7.2.jar
Launcher Type: SUN_STANDARD

[Global flags]
     intx CICompilerCount                          = 4                                         {product} {ergonomic}
     uint ConcGCThreads                            = 2                                         {product} {ergonomic}
     uint G1ConcRefinementThreads                  = 8                                         {product} {ergonomic}
   size_t G1HeapRegionSize                         = 1048576                                   {product} {ergonomic}
    uintx GCDrainStackTargetSize                   = 64                                        {product} {ergonomic}
   size_t InitialHeapSize                          = 266338304                                 {product} {ergonomic}
   size_t MarkStackSize                            = 4194304                                   {product} {ergonomic}
   size_t MaxHeapSize                              = 4257218560                                {product} {ergonomic}
   size_t MinHeapDeltaBytes                        = 1048576                                   {product} {ergonomic}
    uintx NonNMethodCodeHeapSize                   = 5836300                                {pd product} {ergonomic}
    uintx NonProfiledCodeHeapSize                  = 122910970                              {pd product} {ergonomic}
    uintx ProfiledCodeHeapSize                     = 122910970                              {pd product} {ergonomic}
    uintx ReservedCodeCacheSize                    = 251658240                              {pd product} {ergonomic}
     bool SegmentedCodeCache                       = true                                      {product} {ergonomic}
     bool UseCompressedClassPointers               = true                                 {lp64_product} {ergonomic}
     bool UseCompressedOops                        = true                                 {lp64_product} {ergonomic}
     bool UseG1GC                                  = true                                      {product} {ergonomic}
     bool UseLargePagesIndividualAllocation        = false                                  {pd product} {ergonomic}

Logging:
Log output configuration:
 #0: stdout all=warning uptime,level,tags
 #1: stderr all=off uptime,level,tags

Environment Variables:
JAVA_TOOL_OPTIONS=-Dfile.encoding=UTF-8
PATH=C:\Program Files\NVIDIA GPU Computing Toolkit\CUDA\v12.2\bin;C:\Program Files\NVIDIA GPU Computing Toolkit\CUDA\v12.2\libnvvp;C:\Program Files\Python37\Scripts\;C:\Program Files\Python37\;C:\Program Files (x86)\Python37-32\Scripts\;C:\Program Files (x86)\Python37-32\;C:\Program Files (x86)\Common Files\Oracle\Java\javapath;C:\Windows\system32;C:\Windows;C:\Windows\System32\Wbem;C:\Windows\System32\WindowsPowerShell\v1.0\;C:\Windows\System32\OpenSSH\;C:\Program Files\NVIDIA Corporation\NVIDIA NvDLISR;C:\Program Files\dotnet\;C:\Program Files (x86)\dotnet\;C:\WINDOWS\system32;C:\WINDOWS;C:\WINDOWS\System32\Wbem;C:\WINDOWS\System32\WindowsPowerShell\v1.0\;C:\WINDOWS\System32\OpenSSH\;C:\Program Files (x86)\Windows Kits\8.1\Windows Performance Toolkit\;C:\Users\User\AppData\Local\Android\Sdk\platform-tools;C:\Program Files\Java\jdk-13\bin;C:\Program Files\Java\javafx-sdk-11.0.2\lib;C:\Program Files\PuTTY\;C:\Program Files\Git\cmd;C:\Program Files\MATLAB\R2022a\bin;c:\altera\81\quartus\bin;C:\ProgramData\chocolatey\bin;C:\Users\User\AppData\Roaming\nvm;C:\Program Files\nodejs;C:\Program Files\Docker\Docker\resources\bin;C:\Program Files\NVIDIA Corporation\Nsight Compute 2023.2.1\;C:\Program Files\NVIDIA GPU Computing Toolkit\CUDA\v12.2;C:\Program Files\NVIDIA GPU Computing Toolkit\CUDA\v12.2\lib\x64;C:\Program Files\NVIDIA GPU Computing Toolkit\CUDA\v12.2\include;C:\Program Files\Python37\libs;C:\Program Files\MySQL\MySQL Shell 8.0\bin\;C:\Users\User\AppData\Local\Microsoft\WindowsApps;C:\Program Files\JetBrains\PyCharm Community Edition 2019.1.1\bin;C:\ProgramData\Microsoft VS Code\bin;C:\msys64\mingw64\bin;C:\ffmpeg\bin;C:\Users\User\AppData\Local\Programs\MiKTeX\miktex\bin\x64\;C:\Users\User\AppData\Roaming\npm;C:\Users\User\AppData\Roaming\nvm;C:\Program Files\nodejs;C:\Users\User\AppData\Roaming\Python\Python37\Scripts;E:\OpenCvCuda\build\install\x64\vc17\bin;C:\Program Files\NVIDIA GPU Computing Toolkit\CUDA\v12.2\bin;C:\Users\User\.dotnet\tools;C:\Users\User\App
USERNAME=User
OS=Windows_NT
PROCESSOR_IDENTIFIER=Intel64 Family 6 Model 142 Stepping 11, GenuineIntel



---------------  S Y S T E M  ---------------

OS: Windows 10 , 64 bit Build 19041 (10.0.19041.3570)
OS uptime: 0 days 0:46 hours
Hyper-V role detected

CPU:total 8 (initial active 8) (4 cores per cpu, 2 threads per core) family 6 model 142 stepping 11 microcode 0xb8, cmov, cx8, fxsr, mmx, sse, sse2, sse3, ssse3, sse4.1, sse4.2, popcnt, avx, avx2, aes, clmul, erms, 3dnowpref, lzcnt, ht, tsc, tscinvbit, bmi1, bmi2, adx, fma

Memory: 4k page, system-wide physical 16232M (1585M free)
TotalPageFile size 20328M (AvailPageFile size 159M)
current process WorkingSet (physical memory assigned to process): 10M, peak: 10M
current process commit charge ("private bytes"): 60M, peak: 314M

vm_info: OpenJDK 64-Bit Server VM (11.0.14.1+1) for windows-amd64 JRE (11.0.14.1+1), built on Feb  9 2022 01:48:27 by "" with unknown MS VC++:1916

END.
